c:\sfml_built\src\sfml\window\cmakefiles\generate.stamp
c:\sfml_built\lib\release\sfml-window-2.dll
c:\sfml_built\lib\release\sfml-window.lib
c:\sfml_built\lib\release\sfml-window.exp
c:\sfml-2.4.2_built\src\sfml\window\sfml-window.dir\release\context.obj
c:\sfml-2.4.2_built\src\sfml\window\sfml-window.dir\release\glcontext.obj
c:\sfml-2.4.2_built\src\sfml\window\sfml-window.dir\release\glresource.obj
c:\sfml-2.4.2_built\src\sfml\window\sfml-window.dir\release\inputimpl.obj
c:\sfml-2.4.2_built\src\sfml\window\sfml-window.dir\release\joystick.obj
c:\sfml-2.4.2_built\src\sfml\window\sfml-window.dir\release\joystickimpl.obj
c:\sfml-2.4.2_built\src\sfml\window\sfml-window.dir\release\joystickmanager.obj
c:\sfml-2.4.2_built\src\sfml\window\sfml-window.dir\release\keyboard.obj
c:\sfml-2.4.2_built\src\sfml\window\sfml-window.dir\release\mouse.obj
c:\sfml-2.4.2_built\src\sfml\window\sfml-window.dir\release\sensor.obj
c:\sfml-2.4.2_built\src\sfml\window\sfml-window.dir\release\sensorimpl.obj
c:\sfml-2.4.2_built\src\sfml\window\sfml-window.dir\release\sensormanager.obj
c:\sfml-2.4.2_built\src\sfml\window\sfml-window.dir\release\touch.obj
c:\sfml-2.4.2_built\src\sfml\window\sfml-window.dir\release\videomode.obj
c:\sfml-2.4.2_built\src\sfml\window\sfml-window.dir\release\videomodeimpl.obj
c:\sfml-2.4.2_built\src\sfml\window\sfml-window.dir\release\wglcontext.obj
c:\sfml-2.4.2_built\src\sfml\window\sfml-window.dir\release\wglextensions.obj
c:\sfml-2.4.2_built\src\sfml\window\sfml-window.dir\release\window.obj
c:\sfml-2.4.2_built\src\sfml\window\sfml-window.dir\release\windowimpl.obj
c:\sfml-2.4.2_built\src\sfml\window\sfml-window.dir\release\windowimplwin32.obj
c:\sfml-2.4.2_built\src\sfml\window\sfml-window.dir\release\sfml-window.tlog\cl.command.1.tlog
c:\sfml-2.4.2_built\src\sfml\window\sfml-window.dir\release\sfml-window.tlog\cl.read.1.tlog
c:\sfml-2.4.2_built\src\sfml\window\sfml-window.dir\release\sfml-window.tlog\cl.write.1.tlog
c:\sfml-2.4.2_built\src\sfml\window\sfml-window.dir\release\sfml-window.tlog\custombuild.command.1.tlog
c:\sfml-2.4.2_built\src\sfml\window\sfml-window.dir\release\sfml-window.tlog\custombuild.read.1.tlog
c:\sfml-2.4.2_built\src\sfml\window\sfml-window.dir\release\sfml-window.tlog\custombuild.write.1.tlog
c:\sfml-2.4.2_built\src\sfml\window\sfml-window.dir\release\sfml-window.tlog\link.command.1.tlog
c:\sfml-2.4.2_built\src\sfml\window\sfml-window.dir\release\sfml-window.tlog\link.read.1.tlog
c:\sfml-2.4.2_built\src\sfml\window\sfml-window.dir\release\sfml-window.tlog\link.write.1.tlog
c:\sfml-2.4.2_built\src\sfml\window\sfml-window.dir\release\sfml-window.tlog\sfml-window.write.1u.tlog
