c:\sfml_built\src\sfml\graphics\cmakefiles\generate.stamp
c:\sfml_built\lib\release\sfml-graphics-2.dll
c:\sfml_built\lib\release\sfml-graphics.lib
c:\sfml_built\lib\release\sfml-graphics.exp
c:\sfml-2.4.2_built\src\sfml\graphics\sfml-graphics.dir\release\blendmode.obj
c:\sfml-2.4.2_built\src\sfml\graphics\sfml-graphics.dir\release\circleshape.obj
c:\sfml-2.4.2_built\src\sfml\graphics\sfml-graphics.dir\release\color.obj
c:\sfml-2.4.2_built\src\sfml\graphics\sfml-graphics.dir\release\convexshape.obj
c:\sfml-2.4.2_built\src\sfml\graphics\sfml-graphics.dir\release\font.obj
c:\sfml-2.4.2_built\src\sfml\graphics\sfml-graphics.dir\release\glcheck.obj
c:\sfml-2.4.2_built\src\sfml\graphics\sfml-graphics.dir\release\glextensions.obj
c:\sfml-2.4.2_built\src\sfml\graphics\sfml-graphics.dir\release\glloader.obj
c:\sfml-2.4.2_built\src\sfml\graphics\sfml-graphics.dir\release\glsl.obj
c:\sfml-2.4.2_built\src\sfml\graphics\sfml-graphics.dir\release\image.obj
c:\sfml-2.4.2_built\src\sfml\graphics\sfml-graphics.dir\release\imageloader.obj
c:\sfml-2.4.2_built\src\sfml\graphics\sfml-graphics.dir\release\rectangleshape.obj
c:\sfml-2.4.2_built\src\sfml\graphics\sfml-graphics.dir\release\renderstates.obj
c:\sfml-2.4.2_built\src\sfml\graphics\sfml-graphics.dir\release\rendertarget.obj
c:\sfml-2.4.2_built\src\sfml\graphics\sfml-graphics.dir\release\rendertexture.obj
c:\sfml-2.4.2_built\src\sfml\graphics\sfml-graphics.dir\release\rendertextureimpl.obj
c:\sfml-2.4.2_built\src\sfml\graphics\sfml-graphics.dir\release\rendertextureimpldefault.obj
c:\sfml-2.4.2_built\src\sfml\graphics\sfml-graphics.dir\release\rendertextureimplfbo.obj
c:\sfml-2.4.2_built\src\sfml\graphics\sfml-graphics.dir\release\renderwindow.obj
c:\sfml-2.4.2_built\src\sfml\graphics\sfml-graphics.dir\release\shader.obj
c:\sfml-2.4.2_built\src\sfml\graphics\sfml-graphics.dir\release\shape.obj
c:\sfml-2.4.2_built\src\sfml\graphics\sfml-graphics.dir\release\sprite.obj
c:\sfml-2.4.2_built\src\sfml\graphics\sfml-graphics.dir\release\text.obj
c:\sfml-2.4.2_built\src\sfml\graphics\sfml-graphics.dir\release\texture.obj
c:\sfml-2.4.2_built\src\sfml\graphics\sfml-graphics.dir\release\texturesaver.obj
c:\sfml-2.4.2_built\src\sfml\graphics\sfml-graphics.dir\release\transform.obj
c:\sfml-2.4.2_built\src\sfml\graphics\sfml-graphics.dir\release\transformable.obj
c:\sfml-2.4.2_built\src\sfml\graphics\sfml-graphics.dir\release\vertex.obj
c:\sfml-2.4.2_built\src\sfml\graphics\sfml-graphics.dir\release\vertexarray.obj
c:\sfml-2.4.2_built\src\sfml\graphics\sfml-graphics.dir\release\view.obj
c:\sfml-2.4.2_built\src\sfml\graphics\sfml-graphics.dir\release\sfml-graphics.tlog\cl.command.1.tlog
c:\sfml-2.4.2_built\src\sfml\graphics\sfml-graphics.dir\release\sfml-graphics.tlog\cl.read.1.tlog
c:\sfml-2.4.2_built\src\sfml\graphics\sfml-graphics.dir\release\sfml-graphics.tlog\cl.write.1.tlog
c:\sfml-2.4.2_built\src\sfml\graphics\sfml-graphics.dir\release\sfml-graphics.tlog\custombuild.command.1.tlog
c:\sfml-2.4.2_built\src\sfml\graphics\sfml-graphics.dir\release\sfml-graphics.tlog\custombuild.read.1.tlog
c:\sfml-2.4.2_built\src\sfml\graphics\sfml-graphics.dir\release\sfml-graphics.tlog\custombuild.write.1.tlog
c:\sfml-2.4.2_built\src\sfml\graphics\sfml-graphics.dir\release\sfml-graphics.tlog\link.command.1.tlog
c:\sfml-2.4.2_built\src\sfml\graphics\sfml-graphics.dir\release\sfml-graphics.tlog\link.read.1.tlog
c:\sfml-2.4.2_built\src\sfml\graphics\sfml-graphics.dir\release\sfml-graphics.tlog\link.write.1.tlog
c:\sfml-2.4.2_built\src\sfml\graphics\sfml-graphics.dir\release\sfml-graphics.tlog\sfml-graphics.write.1u.tlog
