c:\sfml_built\src\sfml\audio\cmakefiles\generate.stamp
c:\sfml_built\lib\release\sfml-audio-2.dll
c:\sfml_built\lib\release\sfml-audio.lib
c:\sfml_built\lib\release\sfml-audio.exp
c:\sfml-2.4.2_built\src\sfml\audio\sfml-audio.dir\release\alcheck.obj
c:\sfml-2.4.2_built\src\sfml\audio\sfml-audio.dir\release\alresource.obj
c:\sfml-2.4.2_built\src\sfml\audio\sfml-audio.dir\release\audiodevice.obj
c:\sfml-2.4.2_built\src\sfml\audio\sfml-audio.dir\release\inputsoundfile.obj
c:\sfml-2.4.2_built\src\sfml\audio\sfml-audio.dir\release\listener.obj
c:\sfml-2.4.2_built\src\sfml\audio\sfml-audio.dir\release\music.obj
c:\sfml-2.4.2_built\src\sfml\audio\sfml-audio.dir\release\outputsoundfile.obj
c:\sfml-2.4.2_built\src\sfml\audio\sfml-audio.dir\release\sound.obj
c:\sfml-2.4.2_built\src\sfml\audio\sfml-audio.dir\release\soundbuffer.obj
c:\sfml-2.4.2_built\src\sfml\audio\sfml-audio.dir\release\soundbufferrecorder.obj
c:\sfml-2.4.2_built\src\sfml\audio\sfml-audio.dir\release\soundfilefactory.obj
c:\sfml-2.4.2_built\src\sfml\audio\sfml-audio.dir\release\soundfilereaderflac.obj
c:\sfml-2.4.2_built\src\sfml\audio\sfml-audio.dir\release\soundfilereaderogg.obj
c:\sfml-2.4.2_built\src\sfml\audio\sfml-audio.dir\release\soundfilereaderwav.obj
c:\sfml-2.4.2_built\src\sfml\audio\sfml-audio.dir\release\soundfilewriterflac.obj
c:\sfml-2.4.2_built\src\sfml\audio\sfml-audio.dir\release\soundfilewriterogg.obj
c:\sfml-2.4.2_built\src\sfml\audio\sfml-audio.dir\release\soundfilewriterwav.obj
c:\sfml-2.4.2_built\src\sfml\audio\sfml-audio.dir\release\soundrecorder.obj
c:\sfml-2.4.2_built\src\sfml\audio\sfml-audio.dir\release\soundsource.obj
c:\sfml-2.4.2_built\src\sfml\audio\sfml-audio.dir\release\soundstream.obj
c:\sfml-2.4.2_built\src\sfml\audio\sfml-audio.dir\release\sfml-audio.tlog\cl.command.1.tlog
c:\sfml-2.4.2_built\src\sfml\audio\sfml-audio.dir\release\sfml-audio.tlog\cl.read.1.tlog
c:\sfml-2.4.2_built\src\sfml\audio\sfml-audio.dir\release\sfml-audio.tlog\cl.write.1.tlog
c:\sfml-2.4.2_built\src\sfml\audio\sfml-audio.dir\release\sfml-audio.tlog\custombuild.command.1.tlog
c:\sfml-2.4.2_built\src\sfml\audio\sfml-audio.dir\release\sfml-audio.tlog\custombuild.read.1.tlog
c:\sfml-2.4.2_built\src\sfml\audio\sfml-audio.dir\release\sfml-audio.tlog\custombuild.write.1.tlog
c:\sfml-2.4.2_built\src\sfml\audio\sfml-audio.dir\release\sfml-audio.tlog\link.command.1.tlog
c:\sfml-2.4.2_built\src\sfml\audio\sfml-audio.dir\release\sfml-audio.tlog\link.read.1.tlog
c:\sfml-2.4.2_built\src\sfml\audio\sfml-audio.dir\release\sfml-audio.tlog\link.write.1.tlog
c:\sfml-2.4.2_built\src\sfml\audio\sfml-audio.dir\release\sfml-audio.tlog\sfml-audio.write.1u.tlog
