c:\sfml_built\src\sfml\system\cmakefiles\generate.stamp
c:\sfml_built\lib\release\sfml-system-2.dll
c:\sfml_built\lib\release\sfml-system.lib
c:\sfml_built\lib\release\sfml-system.exp
c:\sfml-2.4.2_built\src\sfml\system\sfml-system.dir\release\clock.obj
c:\sfml-2.4.2_built\src\sfml\system\sfml-system.dir\release\clockimpl.obj
c:\sfml-2.4.2_built\src\sfml\system\sfml-system.dir\release\err.obj
c:\sfml-2.4.2_built\src\sfml\system\sfml-system.dir\release\fileinputstream.obj
c:\sfml-2.4.2_built\src\sfml\system\sfml-system.dir\release\lock.obj
c:\sfml-2.4.2_built\src\sfml\system\sfml-system.dir\release\memoryinputstream.obj
c:\sfml-2.4.2_built\src\sfml\system\sfml-system.dir\release\mutex.obj
c:\sfml-2.4.2_built\src\sfml\system\sfml-system.dir\release\muteximpl.obj
c:\sfml-2.4.2_built\src\sfml\system\sfml-system.dir\release\sleep.obj
c:\sfml-2.4.2_built\src\sfml\system\sfml-system.dir\release\sleepimpl.obj
c:\sfml-2.4.2_built\src\sfml\system\sfml-system.dir\release\string.obj
c:\sfml-2.4.2_built\src\sfml\system\sfml-system.dir\release\thread.obj
c:\sfml-2.4.2_built\src\sfml\system\sfml-system.dir\release\threadimpl.obj
c:\sfml-2.4.2_built\src\sfml\system\sfml-system.dir\release\threadlocal.obj
c:\sfml-2.4.2_built\src\sfml\system\sfml-system.dir\release\threadlocalimpl.obj
c:\sfml-2.4.2_built\src\sfml\system\sfml-system.dir\release\time.obj
c:\sfml-2.4.2_built\src\sfml\system\sfml-system.dir\release\sfml-system.tlog\cl.command.1.tlog
c:\sfml-2.4.2_built\src\sfml\system\sfml-system.dir\release\sfml-system.tlog\cl.read.1.tlog
c:\sfml-2.4.2_built\src\sfml\system\sfml-system.dir\release\sfml-system.tlog\cl.write.1.tlog
c:\sfml-2.4.2_built\src\sfml\system\sfml-system.dir\release\sfml-system.tlog\custombuild.command.1.tlog
c:\sfml-2.4.2_built\src\sfml\system\sfml-system.dir\release\sfml-system.tlog\custombuild.read.1.tlog
c:\sfml-2.4.2_built\src\sfml\system\sfml-system.dir\release\sfml-system.tlog\custombuild.write.1.tlog
c:\sfml-2.4.2_built\src\sfml\system\sfml-system.dir\release\sfml-system.tlog\link.command.1.tlog
c:\sfml-2.4.2_built\src\sfml\system\sfml-system.dir\release\sfml-system.tlog\link.read.1.tlog
c:\sfml-2.4.2_built\src\sfml\system\sfml-system.dir\release\sfml-system.tlog\link.write.1.tlog
c:\sfml-2.4.2_built\src\sfml\system\sfml-system.dir\release\sfml-system.tlog\sfml-system.write.1u.tlog
