c:\sfml_built\src\sfml\network\cmakefiles\generate.stamp
c:\sfml_built\lib\release\sfml-network-2.dll
c:\sfml_built\lib\release\sfml-network.lib
c:\sfml_built\lib\release\sfml-network.exp
c:\sfml-2.4.2_built\src\sfml\network\sfml-network.dir\release\ftp.obj
c:\sfml-2.4.2_built\src\sfml\network\sfml-network.dir\release\http.obj
c:\sfml-2.4.2_built\src\sfml\network\sfml-network.dir\release\ipaddress.obj
c:\sfml-2.4.2_built\src\sfml\network\sfml-network.dir\release\packet.obj
c:\sfml-2.4.2_built\src\sfml\network\sfml-network.dir\release\socket.obj
c:\sfml-2.4.2_built\src\sfml\network\sfml-network.dir\release\socketimpl.obj
c:\sfml-2.4.2_built\src\sfml\network\sfml-network.dir\release\socketselector.obj
c:\sfml-2.4.2_built\src\sfml\network\sfml-network.dir\release\tcplistener.obj
c:\sfml-2.4.2_built\src\sfml\network\sfml-network.dir\release\tcpsocket.obj
c:\sfml-2.4.2_built\src\sfml\network\sfml-network.dir\release\udpsocket.obj
c:\sfml-2.4.2_built\src\sfml\network\sfml-network.dir\release\sfml-network.tlog\cl.command.1.tlog
c:\sfml-2.4.2_built\src\sfml\network\sfml-network.dir\release\sfml-network.tlog\cl.read.1.tlog
c:\sfml-2.4.2_built\src\sfml\network\sfml-network.dir\release\sfml-network.tlog\cl.write.1.tlog
c:\sfml-2.4.2_built\src\sfml\network\sfml-network.dir\release\sfml-network.tlog\custombuild.command.1.tlog
c:\sfml-2.4.2_built\src\sfml\network\sfml-network.dir\release\sfml-network.tlog\custombuild.read.1.tlog
c:\sfml-2.4.2_built\src\sfml\network\sfml-network.dir\release\sfml-network.tlog\custombuild.write.1.tlog
c:\sfml-2.4.2_built\src\sfml\network\sfml-network.dir\release\sfml-network.tlog\link.command.1.tlog
c:\sfml-2.4.2_built\src\sfml\network\sfml-network.dir\release\sfml-network.tlog\link.read.1.tlog
c:\sfml-2.4.2_built\src\sfml\network\sfml-network.dir\release\sfml-network.tlog\link.write.1.tlog
c:\sfml-2.4.2_built\src\sfml\network\sfml-network.dir\release\sfml-network.tlog\sfml-network.write.1u.tlog
