  Building Custom Rule C:/Users/Andrew/Downloads/SFML-2.4.2-sources/SFML-2.4.2/src/SFML/System/CMakeLists.txt
  CMake does not need to re-run because C:/sfml_built/src/SFML/System/CMakeFiles/generate.stamp is up-to-date.
  Clock.cpp
  Err.cpp
  Lock.cpp
  Mutex.cpp
  Sleep.cpp
  String.cpp
  Thread.cpp
  ThreadLocal.cpp
  Time.cpp
  FileInputStream.cpp
  MemoryInputStream.cpp
  ClockImpl.cpp
C:\Users\Andrew\Downloads\SFML-2.4.2-sources\SFML-2.4.2\src\SFML\System\Win32\ClockImpl.cpp(48): warning C4996: 'GetVersion': was declared deprecated
  C:\Program Files (x86)\Windows Kits\10\Include\10.0.15063.0\um\sysinfoapi.h(184): note: see declaration of 'GetVersion'
  MutexImpl.cpp
  SleepImpl.cpp
  ThreadImpl.cpp
  ThreadLocalImpl.cpp
  Generating Code...
     Creating library C:/sfml_built/lib/RelWithDebInfo/sfml-system.lib and object C:/sfml_built/lib/RelWithDebInfo/sfml-system.exp
  sfml-system.vcxproj -> C:\sfml_built\lib\RelWithDebInfo\sfml-system-2.dll
  sfml-system.vcxproj -> C:/sfml_built/lib/RelWithDebInfo/sfml-system.pdb (Full PDB)
